%!Adobe-FontList 1.15
%Locale:0x409

%BeginFont
Handler:DirectoryHandler
FontType:Type1
FontName:ApercuPro-Bold
FamilyName:Apercu Pro
StyleName:Bold
MenuName:Apercu Pro
StyleBits:2
WeightClass:700
WidthClass:5
AngleClass:0
FullName:Apercu Pro Bold
WritingScript:Roman
OutlineFileName:\apercu_bold_pro.otf
DataFormat:sfntData
UsesStandardEncoding:yes
isCFF:yes
FileLength:91180
FileModTime:1330342704
NameArray:0,Mac,4,Apercu Pro Bold
NameArray:0,Win,1,Apercu Pro
%EndFont

%BeginFont
Handler:DirectoryHandler
FontType:Type1
FontName:ApercuPro-Light
FamilyName:Apercu Pro
StyleName:Light
MenuName:Apercu Pro
StyleBits:0
WeightClass:300
WidthClass:5
AngleClass:0
FullName:Apercu Pro Light
WritingScript:Roman
OutlineFileName:\apercu_light_pro_000.otf
DataFormat:sfntData
UsesStandardEncoding:yes
isCFF:yes
FileLength:87996
FileModTime:1330358524
NameArray:0,Mac,4,Apercu Pro Light
NameArray:0,Win,1,Apercu Pro
%EndFont

%BeginFont
Handler:DirectoryHandler
FontType:Type1
FontName:ApercuPro-Medium
FamilyName:Apercu Pro
StyleName:Medium
MenuName:Apercu Pro
StyleBits:0
WeightClass:600
WidthClass:5
AngleClass:0
FullName:Apercu Pro Medium
WritingScript:Roman
OutlineFileName:\apercu_medium_pro.otf
DataFormat:sfntData
UsesStandardEncoding:yes
isCFF:yes
FileLength:100468
FileModTime:1330342606
NameArray:0,Mac,4,Apercu Pro Medium
NameArray:0,Win,1,Apercu Pro
%EndFont

%BeginFont
Handler:DirectoryHandler
FontType:Type1
FontName:ApercuPro
FamilyName:Apercu Pro
StyleName:Regular
MenuName:Apercu Pro
StyleBits:0
WeightClass:400
WidthClass:5
AngleClass:0
FullName:Apercu Pro
WritingScript:Roman
OutlineFileName:\apercu_regular_pro.otf
DataFormat:sfntData
UsesStandardEncoding:yes
isCFF:yes
FileLength:95536
FileModTime:1330342530
NameArray:0,Mac,4,Apercu Pro
NameArray:0,Win,1,Apercu Pro
%EndFont

%BeginFont
Handler:DirectoryHandler
FontType:Type1
FontName:Verlag-Black
FamilyName:Verlag
StyleName:Black
MenuName:Verlag Black
StyleBits:0
WeightClass:450
WidthClass:5
AngleClass:0
FullName:Verlag Black
WritingScript:Roman
OutlineFileName:\Verlag-Black.otf
DataFormat:sfntData
UsesStandardEncoding:yes
isCFF:yes
FileLength:55152
FileModTime:1350419207
NameArray:0,Mac,4,Verlag Black
NameArray:0,Win,1,Verlag Black
NameArray:0,Win,16,Verlag
%EndFont

