%!Adobe-FontList 1.14
%Locale:0x409

%BeginFont
Handler:DirectoryHandler
FontType:Invalid
OutlineFileName:\.DS_Store
FileLength:6148
FileModTime:1374577632
%EndFont

%BeginFont
Handler:DirectoryHandler
FontType:Type1
FontName:ApercuPro-LightItalic
FamilyName:Apercu Pro
StyleName:Light Italic
MenuName:Apercu Pro
StyleBits:1
WeightClass:300
WidthClass:5
AngleClass:1
FullName:Apercu Pro Light Italic
WritingScript:Roman
OutlineFileName:\apercu_light_italic_pro.otf
DataFormat:sfntData
UsesStandardEncoding:yes
isCFF:yes
FileLength:105840
FileModTime:1330342490
%EndFont

%BeginFont
Handler:DirectoryHandler
FontType:Type1
FontName:ApercuPro-Light
FamilyName:Apercu Pro
StyleName:Light
MenuName:Apercu Pro
StyleBits:0
WeightClass:300
WidthClass:5
AngleClass:0
FullName:Apercu Pro Light
WritingScript:Roman
OutlineFileName:\apercu_light_pro_000.otf
DataFormat:sfntData
UsesStandardEncoding:yes
isCFF:yes
FileLength:87996
FileModTime:1330358524
%EndFont

%BeginFont
Handler:DirectoryHandler
FontType:Type1
FontName:ApercuPro-Medium
FamilyName:Apercu Pro
StyleName:Medium
MenuName:Apercu Pro
StyleBits:0
WeightClass:600
WidthClass:5
AngleClass:0
FullName:Apercu Pro Medium
WritingScript:Roman
OutlineFileName:\apercu_medium_pro.otf
DataFormat:sfntData
UsesStandardEncoding:yes
isCFF:yes
FileLength:100468
FileModTime:1330342606
%EndFont

%BeginFont
Handler:DirectoryHandler
FontType:Type1
FontName:ApercuPro
FamilyName:Apercu Pro
StyleName:Regular
MenuName:Apercu Pro
StyleBits:0
WeightClass:400
WidthClass:5
AngleClass:0
FullName:Apercu Pro
WritingScript:Roman
OutlineFileName:\apercu_regular_pro.otf
DataFormat:sfntData
UsesStandardEncoding:yes
isCFF:yes
FileLength:95536
FileModTime:1330342530
%EndFont

%BeginFont
Handler:DirectoryHandler
FontType:TrueType
FontName:Times-Roman
FamilyName:Times
StyleName:Regular
MenuName:Times
StyleBits:0
WeightClass:400
WidthClass:5
AngleClass:0
FullName:Times Roman
WritingScript:Roman
OutlineFileName:\Times.dfont
DataFormat:sfntResource
ResourceID:13494
FileLength:1743667
FileModTime:1343489189
%EndFont

%BeginFont
Handler:DirectoryHandler
FontType:TrueType
FontName:Times-Bold
FamilyName:Times
StyleName:Bold
MenuName:Times
StyleBits:2
WeightClass:700
WidthClass:5
AngleClass:0
FullName:Times Bold
WritingScript:Roman
OutlineFileName:\Times.dfont
DataFormat:sfntResource
ResourceID:16697
FileLength:1743667
FileModTime:1343489189
%EndFont

%BeginFont
Handler:DirectoryHandler
FontType:TrueType
FontName:Times-Italic
FamilyName:Times
StyleName:Italic
MenuName:Times
StyleBits:1
WeightClass:400
WidthClass:5
AngleClass:1
FullName:Times Italic
WritingScript:Roman
OutlineFileName:\Times.dfont
DataFormat:sfntResource
ResourceID:21585
FileLength:1743667
FileModTime:1343489189
%EndFont

%BeginFont
Handler:DirectoryHandler
FontType:TrueType
FontName:Times-BoldItalic
FamilyName:Times
StyleName:Bold Italic
MenuName:Times
StyleBits:3
WeightClass:700
WidthClass:5
AngleClass:1
FullName:Times Bold Italic
WritingScript:Roman
OutlineFileName:\Times.dfont
DataFormat:sfntResource
ResourceID:22219
FileLength:1743667
FileModTime:1343489189
%EndFont

%BeginFont
Handler:DirectoryHandler
FontType:Suitcase
FontName:Times-Roman
OutlineFileName:\Times.dfont
ResourceID:20
MacStyle:0
FileLength:1743667
FileModTime:1343489189
%EndFont

%BeginFont
Handler:DirectoryHandler
FontType:Suitcase
FontName:Times-Bold
OutlineFileName:\Times.dfont
ResourceID:20
MacStyle:1
FileLength:1743667
FileModTime:1343489189
%EndFont

%BeginFont
Handler:DirectoryHandler
FontType:Suitcase
FontName:Times-Italic
OutlineFileName:\Times.dfont
ResourceID:20
MacStyle:2
FileLength:1743667
FileModTime:1343489189
%EndFont

%BeginFont
Handler:DirectoryHandler
FontType:Suitcase
FontName:Times-BoldItalic
OutlineFileName:\Times.dfont
ResourceID:20
MacStyle:3
FileLength:1743667
FileModTime:1343489189
%EndFont

%BeginFont
Handler:DirectoryHandler
FontType:Type1
FontName:Verlag-Black
FamilyName:Verlag
StyleName:Black
MenuName:Verlag Black
StyleBits:0
WeightClass:450
WidthClass:5
AngleClass:0
FullName:Verlag Black
WritingScript:Roman
OutlineFileName:\Verlag-Black.otf
DataFormat:sfntData
UsesStandardEncoding:yes
isCFF:yes
FileLength:55152
FileModTime:1350419207
%EndFont

